<?xml version="1.0" encoding="UTF-8" ?>
<testsuite tests="3" failures="0" name="org.nooplinux.certcheck.CertificateValidatorTest" time="0.236" errors="0" skipped="0">
  <properties>
[...]
</properties>
  <testcase classname="org.nooplinux.certcheck.CertificateValidatorTest" name="TestValidKeyAndCert" time="0.171"/>
  <testcase classname="org.nooplinux.certcheck.CertificateValidatorTest" name="TestAlgoId" time="0"/>
  <testcase classname="org.nooplinux.certcheck.CertificateValidatorTest" name="TestInvalidKeyAndCert" time="0.002"/>
</testsuite>